{"level":"error","message":"404 - Route /favicon.ico not found - /favicon.ico - GET - ::1","service":"mobile-distribution-api","timestamp":"2025-11-02 13:55:03"}
{"level":"error","message":"Failed to start server: getRegisteredRoutes is not a function","service":"mobile-distribution-api","timestamp":"2025-11-02 15:59:00"}
{"level":"error","message":"404 - Route /api/v1/auth/login not found - /api/v1/auth/login - GET - ::1","service":"mobile-distribution-api","timestamp":"2025-11-02 16:08:04"}
{"level":"error","message":"401 - Not authorized. Please login. - /api/v1/auth/me - GET - ::1","service":"mobile-distribution-api","timestamp":"2025-11-02 16:10:21"}
{"level":"error","message":"401 - Not authorized. Please login. - /api/v1/auth/me - GET - ::1","service":"mobile-distribution-api","timestamp":"2025-11-02 16:10:37"}
{"level":"error","message":"404 - User not found - /api/v1/users/690735a80c1f90f2d4626586 - GET - ::1","service":"mobile-distribution-api","timestamp":"2025-11-02 16:27:50"}
{"level":"error","message":"404 - User not found - /api/v1/users/690735a80c1f90f2d4626586 - PUT - ::1","service":"mobile-distribution-api","timestamp":"2025-11-02 16:28:01"}
{"level":"error","message":"404 - Route /api/v1/auth/profile not found - /api/v1/auth/profile - GET - ::1","service":"mobile-distribution-api","timestamp":"2025-11-02 16:35:29"}
{"level":"error","message":"401 - Invalid credentials - /api/v1/auth/login - POST - ::1","service":"mobile-distribution-api","timestamp":"2025-11-02 16:37:25"}
{"level":"error","message":"401 - Invalid credentials - /api/v1/auth/login - POST - ::1","service":"mobile-distribution-api","timestamp":"2025-11-02 16:42:32"}
{"level":"error","message":"403 - User role 'dsr' is not authorized to access this route - /api/v1/users - GET - ::1","service":"mobile-distribution-api","timestamp":"2025-11-02 16:44:55"}
{"level":"error","message":"401 - Password was recently changed. Please login again. - /api/v1/users - POST - ::1","service":"mobile-distribution-api","timestamp":"2025-11-02 19:00:01"}
{"level":"error","message":"401 - Password was recently changed. Please login again. - /api/v1/users - GET - ::1","service":"mobile-distribution-api","timestamp":"2025-11-02 19:00:44"}
{"level":"error","message":"401 - Password was recently changed. Please login again. - /api/v1/users/role/dsr - GET - ::1","service":"mobile-distribution-api","timestamp":"2025-11-02 19:01:59"}
{"level":"error","message":"401 - Password was recently changed. Please login again. - /api/v1/users/69075cfa307a85cda79da21c - GET - ::1","service":"mobile-distribution-api","timestamp":"2025-11-02 19:02:38"}
{"level":"error","message":"401 - Not authorized. Please login. - /api/v1/inventory/export/excel - GET - ::1","service":"mobile-distribution-api","timestamp":"2025-11-02 20:16:05"}
{"level":"error","message":"401 - Invalid credentials - /api/v1/auth/login - POST - ::1","service":"mobile-distribution-api","timestamp":"2025-11-02 20:19:17"}
{"level":"error","message":"400 - Email or username is required - /api/v1/auth/login - POST - ::1","service":"mobile-distribution-api","timestamp":"2025-11-02 20:19:46"}
{"level":"error","message":"401 - Invalid credentials - /api/v1/auth/login - POST - ::1","service":"mobile-distribution-api","timestamp":"2025-11-02 20:20:11"}
{"level":"error","message":"401 - Invalid credentials - /api/v1/auth/login - POST - ::1","service":"mobile-distribution-api","timestamp":"2025-11-02 20:20:16"}
{"level":"error","message":"403 - User role 'dsr' is not authorized to access this route - /api/v1/inventory/products - POST - ::1","service":"mobile-distribution-api","timestamp":"2025-11-02 20:25:26"}
{"level":"error","message":"401 - Not authorized. Please login. - /api/v1/inventory/products - POST - ::1","service":"mobile-distribution-api","timestamp":"2025-11-02 21:25:14"}
{"level":"error","message":"401 - Not authorized. Please login. - /api/v1/inventory/products - POST - ::1","service":"mobile-distribution-api","timestamp":"2025-11-02 21:26:03"}
{"level":"error","message":"400 - \"pricing\" is required - /api/v1/inventory/products - POST - ::1","service":"mobile-distribution-api","timestamp":"2025-11-02 21:27:30"}
{"level":"error","message":"404 - Product not found - /api/v1/inventory/products/6907807b1b3accb3d05dfbbf - PUT - ::1","service":"mobile-distribution-api","timestamp":"2025-11-02 21:36:21"}
{"level":"error","message":"400 - \"status\" is required - /api/v1/inventory/phones/999888777666556/status - PATCH - ::1","service":"mobile-distribution-api","timestamp":"2025-11-02 21:51:46"}
{"level":"error","message":"404 - Invoice not found - /api/v1/inventory/invoices/69076a5e7a60db5bcfc72a6c - GET - ::1","service":"mobile-distribution-api","timestamp":"2025-11-02 21:54:29"}
{"level":"error","message":"400 - Invalid file type. Allowed types: image/jpeg, image/png, image/jpg, application/pdf, text/csv - /api/v1/inventory/import/products - POST - ::1","service":"mobile-distribution-api","timestamp":"2025-11-03 19:14:12"}
{"level":"error","message":"404 - Route /api/v1/inventory/search/imei not found - /api/v1/inventory/search/imei - GET - ::1","service":"mobile-distribution-api","timestamp":"2025-11-04 05:00:03"}
{"level":"error","message":"500 - Cannot read properties of null (reading '_id') - /api/v1/dsr-assignments - POST - ::1","service":"mobile-distribution-api","timestamp":"2025-11-04 05:08:48"}
{"level":"error","message":"500 - Product reference missing for IMEI 999888777666555. Please contact administrator. - /api/v1/dsr-assignments - POST - ::1","service":"mobile-distribution-api","timestamp":"2025-11-04 05:12:37"}
{"level":"error","message":"404 - Assignment not found - /api/v1/dsr-assignments/69075d3f307a85cda79da224 - GET - ::1","service":"mobile-distribution-api","timestamp":"2025-11-04 05:37:14"}
{"level":"error","message":"400 - Sold price is required - /api/v1/dsr-assignments/6909411dc7bd6cafcc99e6d2/phones/867984010243975/sold - PATCH - ::1","service":"mobile-distribution-api","timestamp":"2025-11-04 05:43:01"}
{"level":"error","message":"400 - Phone is already Sold - /api/v1/dsr-assignments/6909411dc7bd6cafcc99e6d2/phones/867984010243975/sold - PATCH - ::1","service":"mobile-distribution-api","timestamp":"2025-11-04 05:47:05"}
{"level":"error","message":"401 - Password was recently changed. Please login again. - /api/v1/auth/me - GET - ::1","service":"mobile-distribution-api","timestamp":"2025-11-06 03:12:07"}
{"level":"error","message":"401 - Password was recently changed. Please login again. - /api/v1/auth/profile - PUT - ::1","service":"mobile-distribution-api","timestamp":"2025-11-06 03:12:18"}
{"level":"error","message":"401 - User not found. Token is invalid. - /api/v1/auth/change-password - PUT - ::1","service":"mobile-distribution-api","timestamp":"2025-11-06 03:13:18"}
{"level":"error","message":"401 - Invalid credentials - /api/v1/auth/login - POST - ::1","service":"mobile-distribution-api","timestamp":"2025-11-06 03:14:01"}
{"level":"error","message":"401 - Invalid credentials - /api/v1/auth/login - POST - ::1","service":"mobile-distribution-api","timestamp":"2025-11-06 03:14:10"}
{"level":"error","message":"401 - Invalid credentials - /api/v1/auth/login - POST - ::1","service":"mobile-distribution-api","timestamp":"2025-11-06 03:14:17"}
{"level":"error","message":"401 - Invalid credentials - /api/v1/auth/login - POST - ::1","service":"mobile-distribution-api","timestamp":"2025-11-06 03:14:29"}
{"level":"error","message":"401 - Password was recently changed. Please login again. - /api/v1/auth/me - GET - ::1","service":"mobile-distribution-api","timestamp":"2025-11-06 03:15:17"}
{"level":"error","message":"404 - Invoice not found - /api/v1/inventory/invoices/690782991b3accb3d05dfbd0 - GET - ::1","service":"mobile-distribution-api","timestamp":"2025-11-06 03:16:33"}
{"level":"error","message":"403 - Access denied. User role 'clerk' is not authorized. Required roles: owner - /api/v1/inventory/products - POST - ::1","service":"mobile-distribution-api","timestamp":"2025-11-06 03:38:42"}
